Determining if the pthread_create exist failed with the following output:
Change Dir: /home/cuser/LukeG/CPP2/in-class/C++2_class6/sqrtpow/build/CMakeFiles/CMakeTmp

Run Build Command:/usr/bin/gmake "cmTryCompileExec367324243/fast"
/usr/bin/gmake -f CMakeFiles/cmTryCompileExec367324243.dir/build.make CMakeFiles/cmTryCompileExec367324243.dir/build
gmake[1]: Entering directory `/home/cuser/LukeG/CPP2/in-class/C++2_class6/sqrtpow/build/CMakeFiles/CMakeTmp'
/usr/bin/cmake -E cmake_progress_report /home/cuser/LukeG/CPP2/in-class/C++2_class6/sqrtpow/build/CMakeFiles/CMakeTmp/CMakeFiles 1
Building C object CMakeFiles/cmTryCompileExec367324243.dir/CheckSymbolExists.c.o
/usr/bin/cc    -o CMakeFiles/cmTryCompileExec367324243.dir/CheckSymbolExists.c.o   -c /home/cuser/LukeG/CPP2/in-class/C++2_class6/sqrtpow/build/CMakeFiles/CMakeTmp/CheckSymbolExists.c
Linking C executable cmTryCompileExec367324243
/usr/bin/cmake -E cmake_link_script CMakeFiles/cmTryCompileExec367324243.dir/link.txt --verbose=1
/usr/bin/cc       CMakeFiles/cmTryCompileExec367324243.dir/CheckSymbolExists.c.o  -o cmTryCompileExec367324243 -rdynamic 
CMakeFiles/cmTryCompileExec367324243.dir/CheckSymbolExists.c.o: In function `main':
CheckSymbolExists.c:(.text+0x16): undefined reference to `pthread_create'
collect2: error: ld returned 1 exit status
gmake[1]: *** [cmTryCompileExec367324243] Error 1
gmake[1]: Leaving directory `/home/cuser/LukeG/CPP2/in-class/C++2_class6/sqrtpow/build/CMakeFiles/CMakeTmp'
gmake: *** [cmTryCompileExec367324243/fast] Error 2

File /home/cuser/LukeG/CPP2/in-class/C++2_class6/sqrtpow/build/CMakeFiles/CMakeTmp/CheckSymbolExists.c:
/* */
#include <pthread.h>

int main(int argc, char** argv)
{
  (void)argv;
#ifndef pthread_create
  return ((int*)(&pthread_create))[argc];
#else
  (void)argc;
  return 0;
#endif
}

Determining if the function pthread_create exists in the pthreads failed with the following output:
Change Dir: /home/cuser/LukeG/CPP2/in-class/C++2_class6/sqrtpow/build/CMakeFiles/CMakeTmp

Run Build Command:/usr/bin/gmake "cmTryCompileExec1978213925/fast"
/usr/bin/gmake -f CMakeFiles/cmTryCompileExec1978213925.dir/build.make CMakeFiles/cmTryCompileExec1978213925.dir/build
gmake[1]: Entering directory `/home/cuser/LukeG/CPP2/in-class/C++2_class6/sqrtpow/build/CMakeFiles/CMakeTmp'
/usr/bin/cmake -E cmake_progress_report /home/cuser/LukeG/CPP2/in-class/C++2_class6/sqrtpow/build/CMakeFiles/CMakeTmp/CMakeFiles 1
Building C object CMakeFiles/cmTryCompileExec1978213925.dir/CheckFunctionExists.c.o
/usr/bin/cc   -DCHECK_FUNCTION_EXISTS=pthread_create   -o CMakeFiles/cmTryCompileExec1978213925.dir/CheckFunctionExists.c.o   -c /usr/share/cmake/Modules/CheckFunctionExists.c
Linking C executable cmTryCompileExec1978213925
/usr/bin/cmake -E cmake_link_script CMakeFiles/cmTryCompileExec1978213925.dir/link.txt --verbose=1
/usr/bin/cc   -DCHECK_FUNCTION_EXISTS=pthread_create    CMakeFiles/cmTryCompileExec1978213925.dir/CheckFunctionExists.c.o  -o cmTryCompileExec1978213925 -rdynamic -lpthreads 
/usr/bin/ld: cannot find -lpthreads
collect2: error: ld returned 1 exit status
gmake[1]: Leaving directory `/home/cuser/LukeG/CPP2/in-class/C++2_class6/sqrtpow/build/CMakeFiles/CMakeTmp'
gmake[1]: *** [cmTryCompileExec1978213925] Error 1
gmake: *** [cmTryCompileExec1978213925/fast] Error 2


